STEP to UG
! INFO-     NX STEP AP214 - V1899
! INFO-      
! INFO-     Start of Translation: 7-JUN-2022  1:03:37 PM
! INFO-      
! STATUS-   Converting Part: C:\Users\jesus\OneDrive - Universidad Nacional de Colombia\Documentos Universidad\Semestre 11\APM\Proyecto\Digital Factory - Celda Soldadura Robotizada\Celda_soldadura.step
! SUMMARY-   
! SUMMARY-    STEP Header Information
! SUMMARY-   
! SUMMARY-  Description      Unknown
! SUMMARY-  Imp_Level        2;1
! SUMMARY-  File_Name        C:/Users/jesus/OneDrive/Escritorio/2030063 FlexArc 300R Single Robot IRB1600ID v13.step
! SUMMARY-  Date             2022-06-07T12:55:01-05:00
! SUMMARY-  Author           Unknown
! SUMMARY-  Organization     Unknown
! SUMMARY-  Pre_Version      ST-DEVELOPER v19
! SUMMARY-  Orig_System      Autodesk Translation Framework v11.7.0.108
! SUMMARY-  Authorization    Unknown
! SUMMARY-  Schema_ID        automotive_design
! SUMMARY-   
! SUMMARY-    Summary of STEP Entities
! SUMMARY-   
! SUMMARY-  Entity Type                                                   Count
! SUMMARY-  -----------                                                   ------
! SUMMARY-  advanced_face ..............................................:  13014
! SUMMARY-  application_context ........................................:      1
! SUMMARY-  axis2_placement_3d .........................................:  20301
! SUMMARY-  b_spline_curve_with_knots ..................................:   2903
! SUMMARY-  b_spline_curve_with_knots_and_rational_b_spline_curve ......:    150
! SUMMARY-  b_spline_surface_with_knots ................................:    325
! SUMMARY-  b_spline_surface_with_knots_and_rational_b_spline_surface ..:    798
! SUMMARY-  brep_with_voids ............................................:     16
! SUMMARY-  cartesian_point ............................................: 175934
! SUMMARY-  circle .....................................................:   7678
! SUMMARY-  closed_shell ...............................................:    272
! SUMMARY-  conical_surface ............................................:    871
! SUMMARY-  context_dependent_shape_representation .....................:     80
! SUMMARY-  cylindrical_surface ........................................:   2551
! SUMMARY-  direction ..................................................:  61152
! SUMMARY-  edge_curve .................................................:  31891
! SUMMARY-  edge_loop ..................................................:  15506
! SUMMARY-  ellipse ....................................................:    610
! SUMMARY-  face_bound .................................................:   2492
! SUMMARY-  face_outer_bound ...........................................:  13014
! SUMMARY-  geometric_representation_context_and_global_uncertainty_a ..:     43
! SUMMARY-  item_defined_transformation ................................:     80
! SUMMARY-  length_unit_and_si_unit ....................................:      1
! SUMMARY-  line .......................................................:  20550
! SUMMARY-  manifold_solid_brep ........................................:    199
! SUMMARY-  next_assembly_usage_occurrence .............................:     80
! SUMMARY-  oriented_closed_shell ......................................:     57
! SUMMARY-  oriented_edge ..............................................:  63782
! SUMMARY-  plane ......................................................:   8128
! SUMMARY-  plane_angle_unit_and_si_unit ...............................:      1
! SUMMARY-  product ....................................................:     42
! SUMMARY-  product_context ............................................:      1
! SUMMARY-  product_definition .........................................:     42
! SUMMARY-  product_definition_context .................................:      1
! SUMMARY-  product_definition_formation ...............................:     42
! SUMMARY-  product_definition_shape ...................................:    122
! SUMMARY-  product_related_product_category ...........................:     42
! SUMMARY-  representation_relationship_with_transformation_and_shape ..:     80
! SUMMARY-  shape_representation .......................................:     42
! SUMMARY-  si_unit_and_solid_angle_unit ...............................:      1
! SUMMARY-  spherical_surface ..........................................:     40
! SUMMARY-  toroidal_surface ...........................................:    301
! SUMMARY-  uncertainty_measure_with_unit ..............................:     43
! SUMMARY-  vector .....................................................:  20550
! SUMMARY-  vertex_point ...............................................:  20713
! SUMMARY-                                                               -------
! SUMMARY-  Total                                                         484542
! STATUS-    
! STATUS-   Converting to Output Form (Phase 2 of 3): 7-JUN-2022 1:03:42 PM
! STATUS-    
! STATUS-    
! STATUS-   Generating UG geometry and placing them in parts
! STATUS-    
! STATUS-   Creating the UG part (Phase 3 of 3): 7-JUN-2022  1:04:20 PM
! INFO-     Filing Part ..: C:\Users\jesus\OneDrive - Universidad Nacional de Colombia\Documentos Universidad\Semestre 11\APM\Proyecto\Digital Factory - Celda Soldadura Robotizada\tanque
! SUMMARY-   
! SUMMARY-  Summary of Unigraphics Part Entities
! SUMMARY-   
! SUMMARY-  Entities Processed             Count
! SUMMARY-  ------------------             -----
! SUMMARY-  Solid .......................:     1
! SUMMARY-                                 -----
! SUMMARY-  Total                              1
! STATUS-   Creating the UG part (Phase 3 of 3): 7-JUN-2022  1:04:21 PM
! INFO-     Filing Part ..: C:\Users\jesus\OneDrive - Universidad Nacional de Colombia\Documentos Universidad\Semestre 11\APM\Proyecto\Digital Factory - Celda Soldadura Robotizada\20 x 30 x 2200 Spacer
! SUMMARY-   
! SUMMARY-  Summary of Unigraphics Part Entities
! SUMMARY-   
! SUMMARY-  Entities Processed             Count
! SUMMARY-  ------------------             -----
! SUMMARY-  Solid .......................:     1
! SUMMARY-                                 -----
! SUMMARY-  Total                              1
! STATUS-   Creating the UG part (Phase 3 of 3): 7-JUN-2022  1:04:22 PM
! INFO-     Filing Part ..: C:\Users\jesus\OneDrive - Universidad Nacional de Colombia\Documentos Universidad\Semestre 11\APM\Proyecto\Digital Factory - Celda Soldadura Robotizada\1000 x 2200 Flexarc Std Wall Panel
! SUMMARY-   
! SUMMARY-  Summary of Unigraphics Part Entities
! SUMMARY-   
! SUMMARY-  Entities Processed             Count
! SUMMARY-  ------------------             -----
! SUMMARY-  Solid .......................:     7
! SUMMARY-                                 -----
! SUMMARY-  Total                              7
! STATUS-   Creating the UG part (Phase 3 of 3): 7-JUN-2022  1:04:22 PM
! INFO-     Filing Part ..: C:\Users\jesus\OneDrive - Universidad Nacional de Colombia\Documentos Universidad\Semestre 11\APM\Proyecto\Digital Factory - Celda Soldadura Robotizada\PM_matriz
! SUMMARY-   
! SUMMARY-  Summary of Unigraphics Part Entities
! SUMMARY-   
! SUMMARY-  Entities Processed             Count
! SUMMARY-  ------------------             -----
! SUMMARY-  Solid .......................:     1
! SUMMARY-                                 -----
! SUMMARY-  Total                              1
! STATUS-   Creating the UG part (Phase 3 of 3): 7-JUN-2022  1:04:22 PM
! INFO-     Filing Part ..: C:\Users\jesus\OneDrive - Universidad Nacional de Colombia\Documentos Universidad\Semestre 11\APM\Proyecto\Digital Factory - Celda Soldadura Robotizada\Banda transportadora
! SUMMARY-   
! SUMMARY-  Summary of Unigraphics Part Entities
! SUMMARY-   
! SUMMARY-  Entities Processed             Count
! SUMMARY-  ------------------             -----
! SUMMARY-  Solid .......................:    53
! SUMMARY-                                 -----
! SUMMARY-  Total                             53
! STATUS-   Creating the UG part (Phase 3 of 3): 7-JUN-2022  1:04:22 PM
! INFO-     Filing Part ..: C:\Users\jesus\OneDrive - Universidad Nacional de Colombia\Documentos Universidad\Semestre 11\APM\Proyecto\Digital Factory - Celda Soldadura Robotizada\PUNTA
! SUMMARY-   
! SUMMARY-  Summary of Unigraphics Part Entities
! SUMMARY-   
! SUMMARY-  Entities Processed             Count
! SUMMARY-  ------------------             -----
! SUMMARY-  Solid .......................:     1
! SUMMARY-                                 -----
! SUMMARY-  Total                              1
! STATUS-   Creating the UG part (Phase 3 of 3): 7-JUN-2022  1:04:23 PM
! INFO-     Filing Part ..: C:\Users\jesus\OneDrive - Universidad Nacional de Colombia\Documentos Universidad\Semestre 11\APM\Proyecto\Digital Factory - Celda Soldadura Robotizada\Link6
! SUMMARY-   
! SUMMARY-  Summary of Unigraphics Part Entities
! SUMMARY-   
! SUMMARY-  Entities Processed             Count
! SUMMARY-  ------------------             -----
! SUMMARY-  Solid .......................:     1
! SUMMARY-                                 -----
! SUMMARY-  Total                              1
! STATUS-   Creating the UG part (Phase 3 of 3): 7-JUN-2022  1:04:23 PM
! INFO-     Filing Part ..: C:\Users\jesus\OneDrive - Universidad Nacional de Colombia\Documentos Universidad\Semestre 11\APM\Proyecto\Digital Factory - Celda Soldadura Robotizada\Link5_02
! SUMMARY-   
! SUMMARY-  Summary of Unigraphics Part Entities
! SUMMARY-   
! SUMMARY-  Entities Processed             Count
! SUMMARY-  ------------------             -----
! SUMMARY-  Solid .......................:     1
! SUMMARY-                                 -----
! SUMMARY-  Total                              1
! STATUS-   Creating the UG part (Phase 3 of 3): 7-JUN-2022  1:04:23 PM
! INFO-     Filing Part ..: C:\Users\jesus\OneDrive - Universidad Nacional de Colombia\Documentos Universidad\Semestre 11\APM\Proyecto\Digital Factory - Celda Soldadura Robotizada\Link4_02
! SUMMARY-   
! SUMMARY-  Summary of Unigraphics Part Entities
! SUMMARY-   
! SUMMARY-  Entities Processed             Count
! SUMMARY-  ------------------             -----
! SUMMARY-  Solid .......................:     4
! SUMMARY-                                 -----
! SUMMARY-  Total                              4
! STATUS-   Creating the UG part (Phase 3 of 3): 7-JUN-2022  1:04:24 PM
! INFO-     Filing Part ..: C:\Users\jesus\OneDrive - Universidad Nacional de Colombia\Documentos Universidad\Semestre 11\APM\Proyecto\Digital Factory - Celda Soldadura Robotizada\Link3
! SUMMARY-   
! SUMMARY-  Summary of Unigraphics Part Entities
! SUMMARY-   
! SUMMARY-  Entities Processed             Count
! SUMMARY-  ------------------             -----
! SUMMARY-  Solid .......................:    11
! SUMMARY-                                 -----
! SUMMARY-  Total                             11
! STATUS-   Creating the UG part (Phase 3 of 3): 7-JUN-2022  1:04:25 PM
! INFO-     Filing Part ..: C:\Users\jesus\OneDrive - Universidad Nacional de Colombia\Documentos Universidad\Semestre 11\APM\Proyecto\Digital Factory - Celda Soldadura Robotizada\Link2
! SUMMARY-   
! SUMMARY-  Summary of Unigraphics Part Entities
! SUMMARY-   
! SUMMARY-  Entities Processed             Count
! SUMMARY-  ------------------             -----
! SUMMARY-  Solid .......................:     5
! SUMMARY-                                 -----
! SUMMARY-  Total                              5
! STATUS-   Creating the UG part (Phase 3 of 3): 7-JUN-2022  1:04:26 PM
! INFO-     Filing Part ..: C:\Users\jesus\OneDrive - Universidad Nacional de Colombia\Documentos Universidad\Semestre 11\APM\Proyecto\Digital Factory - Celda Soldadura Robotizada\Link1
! SUMMARY-   
! SUMMARY-  Summary of Unigraphics Part Entities
! SUMMARY-   
! SUMMARY-  Entities Processed             Count
! SUMMARY-  ------------------             -----
! SUMMARY-  Solid .......................:    12
! SUMMARY-                                 -----
! SUMMARY-  Total                             12
! STATUS-   Creating the UG part (Phase 3 of 3): 7-JUN-2022  1:04:26 PM
! INFO-     Filing Part ..: C:\Users\jesus\OneDrive - Universidad Nacional de Colombia\Documentos Universidad\Semestre 11\APM\Proyecto\Digital Factory - Celda Soldadura Robotizada\Link0
! SUMMARY-   
! SUMMARY-  Summary of Unigraphics Part Entities
! SUMMARY-   
! SUMMARY-  Entities Processed             Count
! SUMMARY-  ------------------             -----
! SUMMARY-  Solid .......................:    19
! SUMMARY-                                 -----
! SUMMARY-  Total                             19
! STATUS-   Creating the UG part (Phase 3 of 3): 7-JUN-2022  1:04:28 PM
! INFO-     Filing Part ..: C:\Users\jesus\OneDrive - Universidad Nacional de Colombia\Documentos Universidad\Semestre 11\APM\Proyecto\Digital Factory - Celda Soldadura Robotizada\700 x 2200 Flexarc Std Window Panel
! SUMMARY-   
! SUMMARY-  Summary of Unigraphics Part Entities
! SUMMARY-   
! SUMMARY-  Entities Processed             Count
! SUMMARY-  ------------------             -----
! SUMMARY-  Solid .......................:     6
! SUMMARY-                                 -----
! SUMMARY-  Total                              6
! STATUS-   Creating the UG part (Phase 3 of 3): 7-JUN-2022  1:04:28 PM
! INFO-     Filing Part ..: C:\Users\jesus\OneDrive - Universidad Nacional de Colombia\Documentos Universidad\Semestre 11\APM\Proyecto\Digital Factory - Celda Soldadura Robotizada\Irbpl-300_L1250_IRC5_rev02_CAD
! SUMMARY-   
! SUMMARY-  Summary of Unigraphics Part Entities
! SUMMARY-   
! SUMMARY-  Entities Processed             Count
! SUMMARY-  ------------------             -----
! SUMMARY-  Solid .......................:     6
! SUMMARY-                                 -----
! SUMMARY-  Total                              6
! STATUS-   Creating the UG part (Phase 3 of 3): 7-JUN-2022  1:04:31 PM
! INFO-     Filing Part ..: C:\Users\jesus\OneDrive - Universidad Nacional de Colombia\Documentos Universidad\Semestre 11\APM\Proyecto\Digital Factory - Celda Soldadura Robotizada\2015299 Rev T 24in NEW DESIGN_2015300 24_ Riser_As Machined_
! SUMMARY-   
! SUMMARY-  Summary of Unigraphics Part Entities
! SUMMARY-   
! SUMMARY-  Entities Processed             Count
! SUMMARY-  ------------------             -----
! SUMMARY-  Solid .......................:     5
! SUMMARY-                                 -----
! SUMMARY-  Total                              5
! STATUS-   Creating the UG part (Phase 3 of 3): 7-JUN-2022  1:04:31 PM
! INFO-     Filing Part ..: C:\Users\jesus\OneDrive - Universidad Nacional de Colombia\Documentos Universidad\Semestre 11\APM\Proyecto\Digital Factory - Celda Soldadura Robotizada\Tread Plate 2
! SUMMARY-   
! SUMMARY-  Summary of Unigraphics Part Entities
! SUMMARY-   
! SUMMARY-  Entities Processed             Count
! SUMMARY-  ------------------             -----
! SUMMARY-  Solid .......................:     1
! SUMMARY-                                 -----
! SUMMARY-  Total                              1
! STATUS-   Creating the UG part (Phase 3 of 3): 7-JUN-2022  1:04:32 PM
! INFO-     Filing Part ..: C:\Users\jesus\OneDrive - Universidad Nacional de Colombia\Documentos Universidad\Semestre 11\APM\Proyecto\Digital Factory - Celda Soldadura Robotizada\Post Extension for 50 x 50
! SUMMARY-   
! SUMMARY-  Summary of Unigraphics Part Entities
! SUMMARY-   
! SUMMARY-  Entities Processed             Count
! SUMMARY-  ------------------             -----
! SUMMARY-  Solid .......................:     1
! SUMMARY-                                 -----
! SUMMARY-  Total                              1
! STATUS-   Creating the UG part (Phase 3 of 3): 7-JUN-2022  1:04:32 PM
! INFO-     Filing Part ..: C:\Users\jesus\OneDrive - Universidad Nacional de Colombia\Documentos Universidad\Semestre 11\APM\Proyecto\Digital Factory - Celda Soldadura Robotizada\400 x 2200 Flexarc Std Wall Panel
! SUMMARY-   
! SUMMARY-  Summary of Unigraphics Part Entities
! SUMMARY-   
! SUMMARY-  Entities Processed             Count
! SUMMARY-  ------------------             -----
! SUMMARY-  Solid .......................:     6
! SUMMARY-                                 -----
! SUMMARY-  Total                              6
! STATUS-   Creating the UG part (Phase 3 of 3): 7-JUN-2022  1:04:32 PM
! INFO-     Filing Part ..: C:\Users\jesus\OneDrive - Universidad Nacional de Colombia\Documentos Universidad\Semestre 11\APM\Proyecto\Digital Factory - Celda Soldadura Robotizada\2300_Post
! SUMMARY-   
! SUMMARY-  Summary of Unigraphics Part Entities
! SUMMARY-   
! SUMMARY-  Entities Processed             Count
! SUMMARY-  ------------------             -----
! SUMMARY-  Solid .......................:     1
! SUMMARY-                                 -----
! SUMMARY-  Total                              1
! STATUS-   Creating the UG part (Phase 3 of 3): 7-JUN-2022  1:04:32 PM
! INFO-     Filing Part ..: C:\Users\jesus\OneDrive - Universidad Nacional de Colombia\Documentos Universidad\Semestre 11\APM\Proyecto\Digital Factory - Celda Soldadura Robotizada\50 x 30 x 2200 Spacer
! SUMMARY-   
! SUMMARY-  Summary of Unigraphics Part Entities
! SUMMARY-   
! SUMMARY-  Entities Processed             Count
! SUMMARY-  ------------------             -----
! SUMMARY-  Solid .......................:     1
! SUMMARY-                                 -----
! SUMMARY-  Total                              1
! STATUS-   Creating the UG part (Phase 3 of 3): 7-JUN-2022  1:04:33 PM
! INFO-     Filing Part ..: C:\Users\jesus\OneDrive - Universidad Nacional de Colombia\Documentos Universidad\Semestre 11\APM\Proyecto\Digital Factory - Celda Soldadura Robotizada\Torch Access Pocket 2
! SUMMARY-   
! SUMMARY-  Summary of Unigraphics Part Entities
! SUMMARY-   
! SUMMARY-  Entities Processed             Count
! SUMMARY-  ------------------             -----
! SUMMARY-  Solid .......................:     2
! SUMMARY-                                 -----
! SUMMARY-  Total                              2
! STATUS-   Creating the UG part (Phase 3 of 3): 7-JUN-2022  1:04:33 PM
! INFO-     Filing Part ..: C:\Users\jesus\OneDrive - Universidad Nacional de Colombia\Documentos Universidad\Semestre 11\APM\Proyecto\Digital Factory - Celda Soldadura Robotizada\1000 x 2200 Flexarc Std Wall Panel (1)
! SUMMARY-   
! SUMMARY-  Summary of Unigraphics Part Entities
! SUMMARY-   
! SUMMARY-  Entities Processed             Count
! SUMMARY-  ------------------             -----
! SUMMARY-  Solid .......................:     6
! SUMMARY-                                 -----
! SUMMARY-  Total                              6
! STATUS-   Creating the UG part (Phase 3 of 3): 7-JUN-2022  1:04:33 PM
! INFO-     Filing Part ..: C:\Users\jesus\OneDrive - Universidad Nacional de Colombia\Documentos Universidad\Semestre 11\APM\Proyecto\Digital Factory - Celda Soldadura Robotizada\2029854 Pallet
! SUMMARY-   
! SUMMARY-  Summary of Unigraphics Part Entities
! SUMMARY-   
! SUMMARY-  Entities Processed             Count
! SUMMARY-  ------------------             -----
! SUMMARY-  Solid .......................:    23
! SUMMARY-                                 -----
! SUMMARY-  Total                             23
! STATUS-   Creating the UG part (Phase 3 of 3): 7-JUN-2022  1:04:34 PM
! INFO-     Filing Part ..: C:\Users\jesus\OneDrive - Universidad Nacional de Colombia\Documentos Universidad\Semestre 11\APM\Proyecto\Digital Factory - Celda Soldadura Robotizada\Op Panel 6 Button Light Stack no post
! SUMMARY-   
! SUMMARY-  Summary of Unigraphics Part Entities
! SUMMARY-   
! SUMMARY-  Entities Processed             Count
! SUMMARY-  ------------------             -----
! SUMMARY-  Solid .......................:    20
! SUMMARY-                                 -----
! SUMMARY-  Total                             20
! STATUS-   Creating the UG part (Phase 3 of 3): 7-JUN-2022  1:04:35 PM
! INFO-     Filing Part ..: C:\Users\jesus\OneDrive - Universidad Nacional de Colombia\Documentos Universidad\Semestre 11\APM\Proyecto\Digital Factory - Celda Soldadura Robotizada\op_panel stand
! SUMMARY-   
! SUMMARY-  Summary of Unigraphics Part Entities
! SUMMARY-   
! SUMMARY-  Entities Processed             Count
! SUMMARY-  ------------------             -----
! SUMMARY-  Solid .......................:     4
! SUMMARY-                                 -----
! SUMMARY-  Total                              4
! STATUS-   Creating the UG part (Phase 3 of 3): 7-JUN-2022  1:04:35 PM
! INFO-     Filing Part ..: C:\Users\jesus\OneDrive - Universidad Nacional de Colombia\Documentos Universidad\Semestre 11\APM\Proyecto\Digital Factory - Celda Soldadura Robotizada\Teach Pendant
! SUMMARY-   
! SUMMARY-  Summary of Unigraphics Part Entities
! SUMMARY-   
! SUMMARY-  Entities Processed             Count
! SUMMARY-  ------------------             -----
! SUMMARY-  Solid .......................:     3
! SUMMARY-                                 -----
! SUMMARY-  Total                              3
! STATUS-   Creating the UG part (Phase 3 of 3): 7-JUN-2022  1:04:35 PM
! INFO-     Filing Part ..: C:\Users\jesus\OneDrive - Universidad Nacional de Colombia\Documentos Universidad\Semestre 11\APM\Proyecto\Digital Factory - Celda Soldadura Robotizada\Teach Pendant Holder
! SUMMARY-   
! SUMMARY-  Summary of Unigraphics Part Entities
! SUMMARY-   
! SUMMARY-  Entities Processed             Count
! SUMMARY-  ------------------             -----
! SUMMARY-  Solid .......................:     1
! SUMMARY-                                 -----
! SUMMARY-  Total                              1
! STATUS-   Creating the UG part (Phase 3 of 3): 7-JUN-2022  1:04:36 PM
! INFO-     Filing Part ..: C:\Users\jesus\OneDrive - Universidad Nacional de Colombia\Documentos Universidad\Semestre 11\APM\Proyecto\Digital Factory - Celda Soldadura Robotizada\Single-Cabinet_IRC5_rev0 no brackets
! SUMMARY-   
! SUMMARY-  Summary of Unigraphics Part Entities
! SUMMARY-   
! SUMMARY-  Entities Processed             Count
! SUMMARY-  ------------------             -----
! SUMMARY-  Solid .......................:     1
! SUMMARY-                                 -----
! SUMMARY-  Total                              1
! STATUS-   Creating the UG part (Phase 3 of 3): 7-JUN-2022  1:04:39 PM
! INFO-     Filing Part ..: C:\Users\jesus\OneDrive - Universidad Nacional de Colombia\Documentos Universidad\Semestre 11\APM\Proyecto\Digital Factory - Celda Soldadura Robotizada\Fume Hood Support Arm
! SUMMARY-   
! SUMMARY-  Summary of Unigraphics Part Entities
! SUMMARY-   
! SUMMARY-  Entities Processed             Count
! SUMMARY-  ------------------             -----
! SUMMARY-  Solid .......................:     2
! SUMMARY-                                 -----
! SUMMARY-  Total                              2
! STATUS-   Creating the UG part (Phase 3 of 3): 7-JUN-2022  1:04:39 PM
! INFO-     Filing Part ..: C:\Users\jesus\OneDrive - Universidad Nacional de Colombia\Documentos Universidad\Semestre 11\APM\Proyecto\Digital Factory - Celda Soldadura Robotizada\Hex Nut_AI_HNUT 0.3750-16-D-N
! SUMMARY-   
! SUMMARY-  Summary of Unigraphics Part Entities
! SUMMARY-   
! SUMMARY-  Entities Processed             Count
! SUMMARY-  ------------------             -----
! SUMMARY-  Solid .......................:     1
! SUMMARY-                                 -----
! SUMMARY-  Total                              1
! STATUS-   Creating the UG part (Phase 3 of 3): 7-JUN-2022  1:04:39 PM
! INFO-     Filing Part ..: C:\Users\jesus\OneDrive - Universidad Nacional de Colombia\Documentos Universidad\Semestre 11\APM\Proyecto\Digital Factory - Celda Soldadura Robotizada\Socket Head Cap Screw_AI_HX-SHCS 0.375-16x1x1-N
! SUMMARY-   
! SUMMARY-  Summary of Unigraphics Part Entities
! SUMMARY-   
! SUMMARY-  Entities Processed             Count
! SUMMARY-  ------------------             -----
! SUMMARY-  Solid .......................:     1
! SUMMARY-                                 -----
! SUMMARY-  Total                              1
! STATUS-   Creating the UG part (Phase 3 of 3): 7-JUN-2022  1:04:39 PM
! INFO-     Filing Part ..: C:\Users\jesus\OneDrive - Universidad Nacional de Colombia\Documentos Universidad\Semestre 11\APM\Proyecto\Digital Factory - Celda Soldadura Robotizada\Flat Washer Type B Regular_AI_Regular FW 0.375
! SUMMARY-   
! SUMMARY-  Summary of Unigraphics Part Entities
! SUMMARY-   
! SUMMARY-  Entities Processed             Count
! SUMMARY-  ------------------             -----
! SUMMARY-  Solid .......................:     1
! SUMMARY-                                 -----
! SUMMARY-  Total                              1
! STATUS-   Creating the UG part (Phase 3 of 3): 7-JUN-2022  1:04:40 PM
! INFO-     Filing Part ..: C:\Users\jesus\OneDrive - Universidad Nacional de Colombia\Documentos Universidad\Semestre 11\APM\Proyecto\Digital Factory - Celda Soldadura Robotizada\Fume Hood Support Bracket
! SUMMARY-   
! SUMMARY-  Summary of Unigraphics Part Entities
! SUMMARY-   
! SUMMARY-  Entities Processed             Count
! SUMMARY-  ------------------             -----
! SUMMARY-  Solid .......................:     2
! SUMMARY-                                 -----
! SUMMARY-  Total                              2
! STATUS-   Creating the UG part (Phase 3 of 3): 7-JUN-2022  1:04:40 PM
! INFO-     Filing Part ..: C:\Users\jesus\OneDrive - Universidad Nacional de Colombia\Documentos Universidad\Semestre 11\APM\Proyecto\Digital Factory - Celda Soldadura Robotizada\Auto-Axcess 450
! SUMMARY-   
! SUMMARY-  Summary of Unigraphics Part Entities
! SUMMARY-   
! SUMMARY-  Entities Processed             Count
! SUMMARY-  ------------------             -----
! SUMMARY-  Solid .......................:     2
! SUMMARY-                                 -----
! SUMMARY-  Total                              2
! STATUS-   Creating the UG part (Phase 3 of 3): 7-JUN-2022  1:04:40 PM
! INFO-     Filing Part ..: C:\Users\jesus\OneDrive - Universidad Nacional de Colombia\Documentos Universidad\Semestre 11\APM\Proyecto\Digital Factory - Celda Soldadura Robotizada\2027068 Fume Hood Support Bracket ASsy
! SUMMARY-   
! SUMMARY-  Summary of Unigraphics Part Entities
! SUMMARY-   
! SUMMARY-  Entities Processed             Count
! SUMMARY-  ------------------             -----
! SUMMARY-  Component ...................:     6
! SUMMARY-                                 -----
! SUMMARY-  Total                              6
! STATUS-   Creating the UG part (Phase 3 of 3): 7-JUN-2022  1:04:40 PM
! INFO-     Filing Part ..: C:\Users\jesus\OneDrive - Universidad Nacional de Colombia\Documentos Universidad\Semestre 11\APM\Proyecto\Digital Factory - Celda Soldadura Robotizada\Op Panel_Teach Pendant_Stack Light Assy
! SUMMARY-   
! SUMMARY-  Summary of Unigraphics Part Entities
! SUMMARY-   
! SUMMARY-  Entities Processed             Count
! SUMMARY-  ------------------             -----
! SUMMARY-  Component ...................:     4
! SUMMARY-                                 -----
! SUMMARY-  Total                              4
! STATUS-   Creating the UG part (Phase 3 of 3): 7-JUN-2022  1:04:40 PM
! INFO-     Filing Part ..: C:\Users\jesus\OneDrive - Universidad Nacional de Colombia\Documentos Universidad\Semestre 11\APM\Proyecto\Digital Factory - Celda Soldadura Robotizada\IRB 2600 12kg 1.65m
! SUMMARY-   
! SUMMARY-  Summary of Unigraphics Part Entities
! SUMMARY-   
! SUMMARY-  Entities Processed             Count
! SUMMARY-  ------------------             -----
! SUMMARY-  Component ...................:     8
! SUMMARY-                                 -----
! SUMMARY-  Total                              8
! STATUS-   Creating the UG part (Phase 3 of 3): 7-JUN-2022  1:04:41 PM
! INFO-     Filing Part ..: C:\Users\jesus\OneDrive - Universidad Nacional de Colombia\Documentos Universidad\Semestre 11\APM\Proyecto\Digital Factory - Celda Soldadura Robotizada\Matrizstp
! SUMMARY-   
! SUMMARY-  Summary of Unigraphics Part Entities
! SUMMARY-   
! SUMMARY-  Entities Processed             Count
! SUMMARY-  ------------------             -----
! SUMMARY-  Component ...................:     1
! SUMMARY-                                 -----
! SUMMARY-  Total                              1
! STATUS-   Creating the UG part (Phase 3 of 3): 7-JUN-2022  1:04:41 PM
! INFO-     Filing Part ..: C:\Users\jesus\OneDrive - Universidad Nacional de Colombia\Documentos Universidad\Semestre 11\APM\Proyecto\Digital Factory - Celda Soldadura Robotizada\1000 x 2200 FlexArc Wall Panel Torch Pocket
! SUMMARY-   
! SUMMARY-  Summary of Unigraphics Part Entities
! SUMMARY-   
! SUMMARY-  Entities Processed             Count
! SUMMARY-  ------------------             -----
! SUMMARY-  Component ...................:     2
! SUMMARY-                                 -----
! SUMMARY-  Total                              2
! STATUS-   Creating the UG part (Phase 3 of 3): 7-JUN-2022  1:04:41 PM
! INFO-     Filing Part ..: C:\Users\jesus\OneDrive - Universidad Nacional de Colombia\Documentos Universidad\Semestre 11\APM\Proyecto\Digital Factory - Celda Soldadura Robotizada\2027333 Fence Pkg NEW DESIGN
! SUMMARY-   
! SUMMARY-  Summary of Unigraphics Part Entities
! SUMMARY-   
! SUMMARY-  Entities Processed             Count
! SUMMARY-  ------------------             -----
! SUMMARY-  Component ...................:    31
! SUMMARY-                                 -----
! SUMMARY-  Total                             31
! STATUS-   Creating the UG part (Phase 3 of 3): 7-JUN-2022  1:04:41 PM
! INFO-     Filing Part ..: C:\Users\jesus\OneDrive - Universidad Nacional de Colombia\Documentos Universidad\Semestre 11\APM\Proyecto\Digital Factory - Celda Soldadura Robotizada\Celda_soldadura.prt
! SUMMARY-   
! SUMMARY-  Summary of Unigraphics Part Entities
! SUMMARY-   
! SUMMARY-  Entities Processed             Count
! SUMMARY-  ------------------             -----
! SUMMARY-  Component ...................:    28
! SUMMARY-  Solid .......................:     2
! SUMMARY-                                 -----
! SUMMARY-  Total                             30
! INFO-      
! INFO-     Total number of solids input for this translation       :       215
! INFO-      
! INFO-     Number of solids created without body validation faults :       215
! INFO-      
! INFO-     Number of solids created with body validation fault(s)  :         0
! INFO-      
! INFO-     Number of solids ending up as sheet bodies              :         0
! INFO-      
! INFO-     End of Translation: 7-JUN-2022  1:04:43 PM
! INFO-      
