STEP to UG
! INFO-     NX STEP AP214 - V1899
! INFO-      
! INFO-     Start of Translation: 27-JUN-2022  2:35:41 AM
! INFO-      
! STATUS-   Converting Part: C:\Users\jesus\OneDrive\Escritorio\Material Bruto.step
! SUMMARY-   
! SUMMARY-    STEP Header Information
! SUMMARY-   
! SUMMARY-  Description      Unknown
! SUMMARY-  Imp_Level        2;1
! SUMMARY-  File_Name        C:/Users/jesus/OneDrive/Escritorio/Material Bruto.step
! SUMMARY-  Date             2022-06-27T02:32:31-05:00
! SUMMARY-  Author           Unknown
! SUMMARY-  Organization     Unknown
! SUMMARY-  Pre_Version      ST-DEVELOPER v19
! SUMMARY-  Orig_System      Autodesk Translation Framework v11.7.0.108
! SUMMARY-  Authorization    Unknown
! SUMMARY-  Schema_ID        automotive_design
! SUMMARY-   
! SUMMARY-    Summary of STEP Entities
! SUMMARY-   
! SUMMARY-  Entity Type                                                   Count
! SUMMARY-  -----------                                                   ------
! SUMMARY-  advanced_face ..............................................:    126
! SUMMARY-  application_context ........................................:      1
! SUMMARY-  axis2_placement_3d .........................................:    127
! SUMMARY-  cartesian_point ............................................:    703
! SUMMARY-  closed_shell ...............................................:      1
! SUMMARY-  direction ..................................................:    614
! SUMMARY-  edge_curve .................................................:    360
! SUMMARY-  edge_loop ..................................................:    144
! SUMMARY-  face_bound .................................................:     18
! SUMMARY-  face_outer_bound ...........................................:    126
! SUMMARY-  geometric_representation_context_and_global_uncertainty_a ..:      2
! SUMMARY-  length_unit_and_si_unit ....................................:      1
! SUMMARY-  line .......................................................:    360
! SUMMARY-  manifold_solid_brep ........................................:      1
! SUMMARY-  oriented_edge ..............................................:    720
! SUMMARY-  plane ......................................................:    126
! SUMMARY-  plane_angle_unit_and_si_unit ...............................:      1
! SUMMARY-  product ....................................................:      1
! SUMMARY-  product_context ............................................:      1
! SUMMARY-  product_definition .........................................:      1
! SUMMARY-  product_definition_context .................................:      1
! SUMMARY-  product_definition_formation ...............................:      1
! SUMMARY-  product_definition_shape ...................................:      1
! SUMMARY-  product_related_product_category ...........................:      1
! SUMMARY-  si_unit_and_solid_angle_unit ...............................:      1
! SUMMARY-  uncertainty_measure_with_unit ..............................:      2
! SUMMARY-  vector .....................................................:    360
! SUMMARY-  vertex_point ...............................................:    216
! SUMMARY-                                                               -------
! SUMMARY-  Total                                                           4017
! STATUS-    
! STATUS-   Converting to Output Form (Phase 2 of 3): 27-JUN-2022 2:35:42 AM
! STATUS-    
! STATUS-    
! STATUS-   Generating UG geometry and placing them in parts
! STATUS-    
! STATUS-   Creating the UG part (Phase 3 of 3): 27-JUN-2022  2:35:42 AM
! INFO-     Filing Part ..: C:\Users\jesus\OneDrive - Universidad Nacional de Colombia\Documentos Universidad\Semestre 11\APM\Proyecto\Digital Factory - Celda Soldadura Robotizada\Material Bruto.prt
! SUMMARY-   
! SUMMARY-  Summary of Unigraphics Part Entities
! SUMMARY-   
! SUMMARY-  Entities Processed             Count
! SUMMARY-  ------------------             -----
! SUMMARY-  Solid .......................:     1
! SUMMARY-                                 -----
! SUMMARY-  Total                              1
! INFO-      
! INFO-     Total number of solids input for this translation       :         1
! INFO-      
! INFO-     Number of solids created without body validation faults :         1
! INFO-      
! INFO-     Number of solids created with body validation fault(s)  :         0
! INFO-      
! INFO-     Number of solids ending up as sheet bodies              :         0
! INFO-      
! INFO-     End of Translation: 27-JUN-2022  2:35:45 AM
! INFO-      
STEP to UG
! INFO-     NX STEP AP214 - V1899
! INFO-      
! INFO-     Start of Translation: 27-JUN-2022  2:49:04 AM
! INFO-      
! STATUS-   Converting Part: C:\Users\jesus\OneDrive\Escritorio\Material Bruto.step
! SUMMARY-   
! SUMMARY-    STEP Header Information
! SUMMARY-   
! SUMMARY-  Description      Unknown
! SUMMARY-  Imp_Level        2;1
! SUMMARY-  File_Name        C:/Users/jesus/OneDrive/Escritorio/Material Bruto.step
! SUMMARY-  Date             2022-06-27T02:32:31-05:00
! SUMMARY-  Author           Unknown
! SUMMARY-  Organization     Unknown
! SUMMARY-  Pre_Version      ST-DEVELOPER v19
! SUMMARY-  Orig_System      Autodesk Translation Framework v11.7.0.108
! SUMMARY-  Authorization    Unknown
! SUMMARY-  Schema_ID        automotive_design
! SUMMARY-   
! SUMMARY-    Summary of STEP Entities
! SUMMARY-   
! SUMMARY-  Entity Type                                                   Count
! SUMMARY-  -----------                                                   ------
! SUMMARY-  advanced_face ..............................................:    126
! SUMMARY-  application_context ........................................:      1
! SUMMARY-  axis2_placement_3d .........................................:    127
! SUMMARY-  cartesian_point ............................................:    703
! SUMMARY-  closed_shell ...............................................:      1
! SUMMARY-  direction ..................................................:    614
! SUMMARY-  edge_curve .................................................:    360
! SUMMARY-  edge_loop ..................................................:    144
! SUMMARY-  face_bound .................................................:     18
! SUMMARY-  face_outer_bound ...........................................:    126
! SUMMARY-  geometric_representation_context_and_global_uncertainty_a ..:      2
! SUMMARY-  length_unit_and_si_unit ....................................:      1
! SUMMARY-  line .......................................................:    360
! SUMMARY-  manifold_solid_brep ........................................:      1
! SUMMARY-  oriented_edge ..............................................:    720
! SUMMARY-  plane ......................................................:    126
! SUMMARY-  plane_angle_unit_and_si_unit ...............................:      1
! SUMMARY-  product ....................................................:      1
! SUMMARY-  product_context ............................................:      1
! SUMMARY-  product_definition .........................................:      1
! SUMMARY-  product_definition_context .................................:      1
! SUMMARY-  product_definition_formation ...............................:      1
! SUMMARY-  product_definition_shape ...................................:      1
! SUMMARY-  product_related_product_category ...........................:      1
! SUMMARY-  si_unit_and_solid_angle_unit ...............................:      1
! SUMMARY-  uncertainty_measure_with_unit ..............................:      2
! SUMMARY-  vector .....................................................:    360
! SUMMARY-  vertex_point ...............................................:    216
! SUMMARY-                                                               -------
! SUMMARY-  Total                                                           4017
! STATUS-    
! STATUS-   Converting to Output Form (Phase 2 of 3): 27-JUN-2022 2:49:04 AM
! STATUS-    
! STATUS-    
! STATUS-   Generating UG geometry and placing them in parts
! STATUS-    
! STATUS-   Creating the UG part (Phase 3 of 3): 27-JUN-2022  2:49:05 AM
! INFO-     Filing Part ..: C:\Users\jesus\OneDrive - Universidad Nacional de Colombia\Documentos Universidad\Semestre 11\APM\Proyecto\Digital Factory - Celda Soldadura Robotizada\Material Bruto.prt
! SUMMARY-   
! SUMMARY-  Summary of Unigraphics Part Entities
! SUMMARY-   
! SUMMARY-  Entities Processed             Count
! SUMMARY-  ------------------             -----
! SUMMARY-  Solid .......................:     1
! SUMMARY-                                 -----
! SUMMARY-  Total                              1
! INFO-      
! INFO-     Total number of solids input for this translation       :         1
! INFO-      
! INFO-     Number of solids created without body validation faults :         1
! INFO-      
! INFO-     Number of solids created with body validation fault(s)  :         0
! INFO-      
! INFO-     Number of solids ending up as sheet bodies              :         0
! INFO-      
! INFO-     End of Translation: 27-JUN-2022  2:49:05 AM
! INFO-      
STEP to UG
! INFO-     NX STEP AP214 - V1899
! INFO-      
! INFO-     Start of Translation: 27-JUN-2022  2:59:23 AM
! INFO-      
! STATUS-   Converting Part: C:\Users\jesus\OneDrive\Escritorio\Material Bruto.step
! SUMMARY-   
! SUMMARY-    STEP Header Information
! SUMMARY-   
! SUMMARY-  Description      Unknown
! SUMMARY-  Imp_Level        2;1
! SUMMARY-  File_Name        C:/Users/jesus/OneDrive/Escritorio/Material Bruto.step
! SUMMARY-  Date             2022-06-27T02:32:31-05:00
! SUMMARY-  Author           Unknown
! SUMMARY-  Organization     Unknown
! SUMMARY-  Pre_Version      ST-DEVELOPER v19
! SUMMARY-  Orig_System      Autodesk Translation Framework v11.7.0.108
! SUMMARY-  Authorization    Unknown
! SUMMARY-  Schema_ID        automotive_design
! SUMMARY-   
! SUMMARY-    Summary of STEP Entities
! SUMMARY-   
! SUMMARY-  Entity Type                                                   Count
! SUMMARY-  -----------                                                   ------
! SUMMARY-  advanced_face ..............................................:    126
! SUMMARY-  application_context ........................................:      1
! SUMMARY-  axis2_placement_3d .........................................:    127
! SUMMARY-  cartesian_point ............................................:    703
! SUMMARY-  closed_shell ...............................................:      1
! SUMMARY-  direction ..................................................:    614
! SUMMARY-  edge_curve .................................................:    360
! SUMMARY-  edge_loop ..................................................:    144
! SUMMARY-  face_bound .................................................:     18
! SUMMARY-  face_outer_bound ...........................................:    126
! SUMMARY-  geometric_representation_context_and_global_uncertainty_a ..:      2
! SUMMARY-  length_unit_and_si_unit ....................................:      1
! SUMMARY-  line .......................................................:    360
! SUMMARY-  manifold_solid_brep ........................................:      1
! SUMMARY-  oriented_edge ..............................................:    720
! SUMMARY-  plane ......................................................:    126
! SUMMARY-  plane_angle_unit_and_si_unit ...............................:      1
! SUMMARY-  product ....................................................:      1
! SUMMARY-  product_context ............................................:      1
! SUMMARY-  product_definition .........................................:      1
! SUMMARY-  product_definition_context .................................:      1
! SUMMARY-  product_definition_formation ...............................:      1
! SUMMARY-  product_definition_shape ...................................:      1
! SUMMARY-  product_related_product_category ...........................:      1
! SUMMARY-  si_unit_and_solid_angle_unit ...............................:      1
! SUMMARY-  uncertainty_measure_with_unit ..............................:      2
! SUMMARY-  vector .....................................................:    360
! SUMMARY-  vertex_point ...............................................:    216
! SUMMARY-                                                               -------
! SUMMARY-  Total                                                           4017
! STATUS-    
! STATUS-   Converting to Output Form (Phase 2 of 3): 27-JUN-2022 2:59:24 AM
! STATUS-    
! STATUS-    
! STATUS-   Generating UG geometry and placing them in parts
! STATUS-    
! STATUS-   Creating the UG part (Phase 3 of 3): 27-JUN-2022  2:59:24 AM
! INFO-     Filing Part ..: C:\Users\jesus\OneDrive - Universidad Nacional de Colombia\Documentos Universidad\Semestre 11\APM\Proyecto\Digital Factory - Celda Soldadura Robotizada\Material Bruto.prt
! SUMMARY-   
! SUMMARY-  Summary of Unigraphics Part Entities
! SUMMARY-   
! SUMMARY-  Entities Processed             Count
! SUMMARY-  ------------------             -----
! SUMMARY-  Solid .......................:     1
! SUMMARY-                                 -----
! SUMMARY-  Total                              1
! INFO-      
! INFO-     Total number of solids input for this translation       :         1
! INFO-      
! INFO-     Number of solids created without body validation faults :         1
! INFO-      
! INFO-     Number of solids created with body validation fault(s)  :         0
! INFO-      
! INFO-     Number of solids ending up as sheet bodies              :         0
! INFO-      
! INFO-     End of Translation: 27-JUN-2022  2:59:24 AM
! INFO-      
